2026-05-14 11:24:25 [INFO] ⬇️  Downloading models (first run only)...
2026-05-14 11:24:25 [INFO] 🎙  Listening for "hey_jarvis" (toggle open/close)
2026-05-14 11:24:25 [INFO] Press Ctrl+C to quit.
2026-05-14 11:24:36 [INFO] 🎯 Detected "hey_jarvis" (0.65) → OPEN
2026-05-14 11:24:36 [INFO] Opening Sesame (attempt 1/3)...
2026-05-14 11:24:36 [DEBUG] Browser not alive — creating new driver.
2026-05-14 11:24:38 [INFO] ✅ Clicked Miles!
2026-05-14 11:25:25 [DEBUG] Near-miss "hey_jarvis": 0.45
2026-05-14 11:25:25 [INFO] 🎯 Detected "hey_jarvis" (0.99) → CLOSE
2026-05-14 11:25:25 [INFO] Closing Sesame...
2026-05-14 11:25:25 [INFO] ✅ Sesame closed.
2026-05-14 11:28:25 [INFO] 👋 Stopped by user.
2026-05-14 11:28:27 [INFO] ⬇️  Downloading models (first run only)...
2026-05-14 11:31:27 [INFO] ⬇️  Downloading models (first run only)...
2026-05-14 11:33:38 [ERROR] Could not open microphone: [Errno -9996] Invalid input device (no default output device)
2026-05-14 11:34:08 [INFO] ⬇️  Downloading models (first run only)...
2026-05-14 11:35:01 [INFO] ⬇️  Downloading models (first run only)...
2026-05-14 11:36:57 [INFO] ⬇️  Downloading models (first run only)...
2026-05-14 11:36:57 [INFO] 🎙  Listening for "hey_jarvis" (toggle open/close)
2026-05-14 11:36:57 [INFO] Press Ctrl+C to quit.
2026-05-14 11:37:00 [INFO] 🎯 Detected "hey_jarvis_v0.1" (0.98) → OPEN
2026-05-14 11:37:00 [INFO] Opening Sesame (attempt 1/3)...
2026-05-14 11:37:00 [DEBUG] Browser not alive — creating new driver.
2026-05-14 11:37:02 [INFO] ✅ Clicked Miles!
2026-05-14 11:37:08 [INFO] 🎯 Detected "hey_jarvis_v0.1" (0.98) → CLOSE
2026-05-14 11:37:08 [INFO] Closing Sesame...
2026-05-14 11:37:08 [INFO] ✅ Sesame closed.
2026-05-14 11:49:15 [INFO] 👋 Stopped by user.
2026-05-14 11:50:36 [INFO] ⬇️  Downloading openWakeWord feature models (first run only)...
2026-05-14 11:50:37 [INFO] 🎙  Listening for "ok_jarvis" (toggle open/close)
2026-05-14 11:50:37 [INFO] Press Ctrl+C to quit.
2026-05-14 11:50:40 [INFO] 🎯 Detected "ok_jarvis" (0.55) → OPEN
2026-05-14 11:50:40 [INFO] Opening Sesame (attempt 1/3)...
2026-05-14 11:50:40 [DEBUG] Browser not alive — creating new driver.
2026-05-14 11:50:42 [INFO] ✅ Clicked Miles!
2026-05-14 11:50:47 [INFO] 🎯 Detected "ok_jarvis" (0.71) → CLOSE
2026-05-14 11:50:47 [INFO] Closing Sesame...
2026-05-14 11:50:47 [INFO] ✅ Sesame closed.
2026-05-14 11:51:40 [DEBUG] Near-miss "ok_jarvis": 0.31
2026-05-14 11:51:40 [INFO] 🎯 Detected "ok_jarvis" (0.87) → OPEN
2026-05-14 11:51:40 [INFO] Opening Sesame (attempt 1/3)...
2026-05-14 11:51:40 [DEBUG] Browser not alive — creating new driver.
2026-05-14 11:51:42 [INFO] ✅ Clicked Miles!
2026-05-14 11:51:48 [INFO] 🎯 Detected "ok_jarvis" (0.83) → CLOSE
2026-05-14 11:51:48 [INFO] Browser was closed externally — resetting session state.
2026-05-14 11:51:48 [INFO] Opening Sesame (attempt 1/3)...
2026-05-14 11:51:48 [DEBUG] Browser not alive — creating new driver.
2026-05-14 11:51:48 [WARNING] Open attempt 1 failed: Message: session not created: Chrome instance exited. Examine ChromeDriver verbose log to determine the cause.; For documentation on this error, please visit: https://www.selenium.dev/documentation/webdriver/troubleshooting/errors#sessionnotcreatedexception
Stacktrace:
0   chromedriver                        0x000000010554c5b0 cxxbridge1$str$ptr + 3217728
1   chromedriver                        0x0000000105544488 cxxbridge1$str$ptr + 3184664
2   chromedriver                        0x00000001050079f0 _RNvCsiKAbIcglKMQ_7___rustc35___rust_no_alloc_shim_is_unstable_v2 + 75404
3   chromedriver                        0x000000010503d980 _RNvCsiKAbIcglKMQ_7___rustc35___rust_no_alloc_shim_is_unstable_v2 + 296476
4   chromedriver                        0x000000010503a710 _RNvCsiKAbIcglKMQ_7___rustc35___rust_no_alloc_shim_is_unstable_v2 + 283564
5   chromedriver                        0x000000010507dc44 _RNvCsiKAbIcglKMQ_7___rustc35___rust_no_alloc_shim_is_unstable_v2 + 559328
6   chromedriver                        0x000000010507d674 _RNvCsiKAbIcglKMQ_7___rustc35___rust_no_alloc_shim_is_unstable_v2 + 557840
7   chromedriver                        0x0000000105045c10 _RNvCsiKAbIcglKMQ_7___rustc35___rust_no_alloc_shim_is_unstable_v2 + 329900
8   chromedriver                        0x000000010550a1b0 cxxbridge1$str$ptr + 2946368
9   chromedriver                        0x000000010550d90c cxxbridge1$str$ptr + 2960540
10  chromedriver                        0x00000001054ef100 cxxbridge1$str$ptr + 2835600
11  chromedriver                        0x000000010550e18c cxxbridge1$str$ptr + 2962716
12  chromedriver                        0x00000001054dfbac cxxbridge1$str$ptr + 2772796
13  chromedriver                        0x0000000105533258 cxxbridge1$str$ptr + 3114472
14  chromedriver                        0x00000001055333b8 cxxbridge1$str$ptr + 3114824
15  chromedriver                        0x00000001055440e0 cxxbridge1$str$ptr + 3183728
16  libsystem_pthread.dylib             0x000000018ca17c58 _pthread_start + 136
17  libsystem_pthread.dylib             0x000000018ca12c1c thread_start + 8

2026-05-14 11:51:50 [INFO] Opening Sesame (attempt 2/3)...
2026-05-14 11:51:50 [DEBUG] Browser not alive — creating new driver.
2026-05-14 11:51:51 [WARNING] Open attempt 2 failed: Message: session not created: Chrome instance exited. Examine ChromeDriver verbose log to determine the cause.; For documentation on this error, please visit: https://www.selenium.dev/documentation/webdriver/troubleshooting/errors#sessionnotcreatedexception
Stacktrace:
0   chromedriver                        0x0000000102f105b0 cxxbridge1$str$ptr + 3217728
1   chromedriver                        0x0000000102f08488 cxxbridge1$str$ptr + 3184664
2   chromedriver                        0x00000001029cb9f0 _RNvCsiKAbIcglKMQ_7___rustc35___rust_no_alloc_shim_is_unstable_v2 + 75404
3   chromedriver                        0x0000000102a01980 _RNvCsiKAbIcglKMQ_7___rustc35___rust_no_alloc_shim_is_unstable_v2 + 296476
4   chromedriver                        0x00000001029fe710 _RNvCsiKAbIcglKMQ_7___rustc35___rust_no_alloc_shim_is_unstable_v2 + 283564
5   chromedriver                        0x0000000102a41c44 _RNvCsiKAbIcglKMQ_7___rustc35___rust_no_alloc_shim_is_unstable_v2 + 559328
6   chromedriver                        0x0000000102a41674 _RNvCsiKAbIcglKMQ_7___rustc35___rust_no_alloc_shim_is_unstable_v2 + 557840
7   chromedriver                        0x0000000102a09c10 _RNvCsiKAbIcglKMQ_7___rustc35___rust_no_alloc_shim_is_unstable_v2 + 329900
8   chromedriver                        0x0000000102ece1b0 cxxbridge1$str$ptr + 2946368
9   chromedriver                        0x0000000102ed190c cxxbridge1$str$ptr + 2960540
10  chromedriver                        0x0000000102eb3100 cxxbridge1$str$ptr + 2835600
11  chromedriver                        0x0000000102ed218c cxxbridge1$str$ptr + 2962716
12  chromedriver                        0x0000000102ea3bac cxxbridge1$str$ptr + 2772796
13  chromedriver                        0x0000000102ef7258 cxxbridge1$str$ptr + 3114472
14  chromedriver                        0x0000000102ef73b8 cxxbridge1$str$ptr + 3114824
15  chromedriver                        0x0000000102f080e0 cxxbridge1$str$ptr + 3183728
16  libsystem_pthread.dylib             0x000000018ca17c58 _pthread_start + 136
17  libsystem_pthread.dylib             0x000000018ca12c1c thread_start + 8

2026-05-14 11:51:53 [INFO] Opening Sesame (attempt 3/3)...
2026-05-14 11:51:53 [DEBUG] Browser not alive — creating new driver.
2026-05-14 11:51:53 [WARNING] Open attempt 3 failed: Message: session not created: Chrome instance exited. Examine ChromeDriver verbose log to determine the cause.; For documentation on this error, please visit: https://www.selenium.dev/documentation/webdriver/troubleshooting/errors#sessionnotcreatedexception
Stacktrace:
0   chromedriver                        0x00000001027905b0 cxxbridge1$str$ptr + 3217728
1   chromedriver                        0x0000000102788488 cxxbridge1$str$ptr + 3184664
2   chromedriver                        0x000000010224b9f0 _RNvCsiKAbIcglKMQ_7___rustc35___rust_no_alloc_shim_is_unstable_v2 + 75404
3   chromedriver                        0x0000000102281980 _RNvCsiKAbIcglKMQ_7___rustc35___rust_no_alloc_shim_is_unstable_v2 + 296476
4   chromedriver                        0x000000010227e710 _RNvCsiKAbIcglKMQ_7___rustc35___rust_no_alloc_shim_is_unstable_v2 + 283564
5   chromedriver                        0x00000001022c1c44 _RNvCsiKAbIcglKMQ_7___rustc35___rust_no_alloc_shim_is_unstable_v2 + 559328
6   chromedriver                        0x00000001022c1674 _RNvCsiKAbIcglKMQ_7___rustc35___rust_no_alloc_shim_is_unstable_v2 + 557840
7   chromedriver                        0x0000000102289c10 _RNvCsiKAbIcglKMQ_7___rustc35___rust_no_alloc_shim_is_unstable_v2 + 329900
8   chromedriver                        0x000000010274e1b0 cxxbridge1$str$ptr + 2946368
9   chromedriver                        0x000000010275190c cxxbridge1$str$ptr + 2960540
10  chromedriver                        0x0000000102733100 cxxbridge1$str$ptr + 2835600
11  chromedriver                        0x000000010275218c cxxbridge1$str$ptr + 2962716
12  chromedriver                        0x0000000102723bac cxxbridge1$str$ptr + 2772796
13  chromedriver                        0x0000000102777258 cxxbridge1$str$ptr + 3114472
14  chromedriver                        0x00000001027773b8 cxxbridge1$str$ptr + 3114824
15  chromedriver                        0x00000001027880e0 cxxbridge1$str$ptr + 3183728
16  libsystem_pthread.dylib             0x000000018ca17c58 _pthread_start + 136
17  libsystem_pthread.dylib             0x000000018ca12c1c thread_start + 8

2026-05-14 11:51:53 [ERROR] All 3 open attempts failed.
2026-05-14 11:51:59 [INFO] 🎯 Detected "ok_jarvis" (0.91) → OPEN
2026-05-14 11:51:59 [INFO] Opening Sesame (attempt 1/3)...
2026-05-14 11:51:59 [DEBUG] Browser not alive — creating new driver.
2026-05-14 11:52:00 [WARNING] Open attempt 1 failed: Message: session not created: Chrome instance exited. Examine ChromeDriver verbose log to determine the cause.; For documentation on this error, please visit: https://www.selenium.dev/documentation/webdriver/troubleshooting/errors#sessionnotcreatedexception
Stacktrace:
0   chromedriver                        0x00000001014a05b0 cxxbridge1$str$ptr + 3217728
1   chromedriver                        0x0000000101498488 cxxbridge1$str$ptr + 3184664
2   chromedriver                        0x0000000100f5b9f0 _RNvCsiKAbIcglKMQ_7___rustc35___rust_no_alloc_shim_is_unstable_v2 + 75404
3   chromedriver                        0x0000000100f91980 _RNvCsiKAbIcglKMQ_7___rustc35___rust_no_alloc_shim_is_unstable_v2 + 296476
4   chromedriver                        0x0000000100f8e710 _RNvCsiKAbIcglKMQ_7___rustc35___rust_no_alloc_shim_is_unstable_v2 + 283564
5   chromedriver                        0x0000000100fd1c44 _RNvCsiKAbIcglKMQ_7___rustc35___rust_no_alloc_shim_is_unstable_v2 + 559328
6   chromedriver                        0x0000000100fd1674 _RNvCsiKAbIcglKMQ_7___rustc35___rust_no_alloc_shim_is_unstable_v2 + 557840
7   chromedriver                        0x0000000100f99c10 _RNvCsiKAbIcglKMQ_7___rustc35___rust_no_alloc_shim_is_unstable_v2 + 329900
8   chromedriver                        0x000000010145e1b0 cxxbridge1$str$ptr + 2946368
9   chromedriver                        0x000000010146190c cxxbridge1$str$ptr + 2960540
10  chromedriver                        0x0000000101443100 cxxbridge1$str$ptr + 2835600
11  chromedriver                        0x000000010146218c cxxbridge1$str$ptr + 2962716
12  chromedriver                        0x0000000101433bac cxxbridge1$str$ptr + 2772796
13  chromedriver                        0x0000000101487258 cxxbridge1$str$ptr + 3114472
14  chromedriver                        0x00000001014873b8 cxxbridge1$str$ptr + 3114824
15  chromedriver                        0x00000001014980e0 cxxbridge1$str$ptr + 3183728
16  libsystem_pthread.dylib             0x000000018ca17c58 _pthread_start + 136
17  libsystem_pthread.dylib             0x000000018ca12c1c thread_start + 8

2026-05-14 11:52:02 [INFO] Opening Sesame (attempt 2/3)...
2026-05-14 11:52:02 [DEBUG] Browser not alive — creating new driver.
2026-05-14 11:52:02 [WARNING] Open attempt 2 failed: Message: session not created: Chrome instance exited. Examine ChromeDriver verbose log to determine the cause.; For documentation on this error, please visit: https://www.selenium.dev/documentation/webdriver/troubleshooting/errors#sessionnotcreatedexception
Stacktrace:
0   chromedriver                        0x0000000100b385b0 cxxbridge1$str$ptr + 3217728
1   chromedriver                        0x0000000100b30488 cxxbridge1$str$ptr + 3184664
2   chromedriver                        0x00000001005f39f0 _RNvCsiKAbIcglKMQ_7___rustc35___rust_no_alloc_shim_is_unstable_v2 + 75404
3   chromedriver                        0x0000000100629980 _RNvCsiKAbIcglKMQ_7___rustc35___rust_no_alloc_shim_is_unstable_v2 + 296476
4   chromedriver                        0x0000000100626710 _RNvCsiKAbIcglKMQ_7___rustc35___rust_no_alloc_shim_is_unstable_v2 + 283564
5   chromedriver                        0x0000000100669c44 _RNvCsiKAbIcglKMQ_7___rustc35___rust_no_alloc_shim_is_unstable_v2 + 559328
6   chromedriver                        0x0000000100669674 _RNvCsiKAbIcglKMQ_7___rustc35___rust_no_alloc_shim_is_unstable_v2 + 557840
7   chromedriver                        0x0000000100631c10 _RNvCsiKAbIcglKMQ_7___rustc35___rust_no_alloc_shim_is_unstable_v2 + 329900
8   chromedriver                        0x0000000100af61b0 cxxbridge1$str$ptr + 2946368
9   chromedriver                        0x0000000100af990c cxxbridge1$str$ptr + 2960540
10  chromedriver                        0x0000000100adb100 cxxbridge1$str$ptr + 2835600
11  chromedriver                        0x0000000100afa18c cxxbridge1$str$ptr + 2962716
12  chromedriver                        0x0000000100acbbac cxxbridge1$str$ptr + 2772796
13  chromedriver                        0x0000000100b1f258 cxxbridge1$str$ptr + 3114472
14  chromedriver                        0x0000000100b1f3b8 cxxbridge1$str$ptr + 3114824
15  chromedriver                        0x0000000100b300e0 cxxbridge1$str$ptr + 3183728
16  libsystem_pthread.dylib             0x000000018ca17c58 _pthread_start + 136
17  libsystem_pthread.dylib             0x000000018ca12c1c thread_start + 8

2026-05-14 11:52:02 [INFO] 👋 Stopped by user.
2026-05-14 12:07:30 [INFO] ⬇️  Downloading openWakeWord feature models (first run only)...
2026-05-14 12:13:48 [INFO] 🎙  Listening for "ok_jarvis" (toggle open/close)
2026-05-14 12:13:48 [INFO] Press Ctrl+C to quit.
2026-05-14 12:13:51 [DEBUG] Near-miss "ok_jarvis": 0.41
2026-05-14 12:13:51 [INFO] 🎯 Detected "ok_jarvis" (0.90) → OPEN
2026-05-14 12:13:51 [INFO] Opening Sesame (attempt 1/3)...
2026-05-14 12:13:51 [DEBUG] Browser not alive — creating new driver.
2026-05-14 12:13:54 [INFO] ✅ Clicked Miles!
2026-05-14 12:13:59 [DEBUG] Near-miss "ok_jarvis": 0.49
2026-05-14 12:13:59 [INFO] 🎯 Detected "ok_jarvis" (0.78) → CLOSE
2026-05-14 12:13:59 [INFO] Closing Sesame...
2026-05-14 12:13:59 [INFO] ✅ Sesame closed.
2026-05-14 12:33:00 [INFO] 🎙  Listening for "ok_jarvis" (toggle open/close)
2026-05-14 12:33:00 [INFO] Press Ctrl+C to quit.
2026-05-14 12:33:30 [INFO] 🎙  Listening for "ok_jarvis" (toggle open/close)
2026-05-14 12:33:30 [INFO] Press Ctrl+C to quit.
2026-05-14 12:33:33 [INFO] 🎯 Detected "ok_jarvis" (0.90) → OPEN
2026-05-14 12:33:33 [INFO] Opening Sesame (attempt 1/3)...
2026-05-14 12:33:33 [DEBUG] Browser not alive — creating new driver.
2026-05-14 12:33:36 [INFO] ✅ Clicked Miles!
2026-05-14 12:34:07 [INFO] 🎯 Detected "ok_jarvis" (0.92) → CLOSE
2026-05-14 12:34:07 [INFO] Closing Sesame...
2026-05-14 12:34:07 [INFO] ✅ Sesame closed.
